<?xml version="1.0" encoding="UTF-8"?>
<robot generator="Robot 7.0.1 (Python 3.10.12 on linux)" generated="2024-10-16T14:13:33.808083" rpa="false" schemaversion="5">
<suite id="s1" name="Robot Tests" source="/home/sarathbabu/Jenkins/robot_tests">
<suite id="s1-s1" name="Add" source="/home/sarathbabu/Jenkins/robot_tests/add.robot">
<test id="s1-s1-t1" name="Addition Test" line="9">
<kw name="Evaluate" owner="BuiltIn">
<msg time="2024-10-16T14:13:33.823161" level="INFO">${result} = 30</msg>
<var>${result}</var>
<arg>${NUMBER_1} + ${NUMBER_2}</arg>
<doc>Evaluates the given expression in Python and returns the result.</doc>
<status status="PASS" start="2024-10-16T14:13:33.822921" elapsed="0.000262"/>
</kw>
<kw name="Should Be Equal As Numbers" owner="BuiltIn">
<msg time="2024-10-16T14:13:33.823406" level="INFO">Argument types are:
&lt;class 'int'&gt;
&lt;class 'str'&gt;</msg>
<arg>${result}</arg>
<arg>30</arg>
<doc>Fails if objects are unequal after converting them to real numbers.</doc>
<status status="PASS" start="2024-10-16T14:13:33.823307" elapsed="0.000139"/>
</kw>
<doc>This test adds 10 and 20.</doc>
<tag>Addition</tag>
<tag>Arithmetic</tag>
<status status="PASS" start="2024-10-16T14:13:33.822517" elapsed="0.001049"/>
</test>
<status status="PASS" start="2024-10-16T14:13:33.821626" elapsed="0.002226"/>
</suite>
<suite id="s1-s2" name="Division" source="/home/sarathbabu/Jenkins/robot_tests/division.robot">
<test id="s1-s2-t1" name="Division Test" line="9">
<kw name="Evaluate" owner="BuiltIn">
<msg time="2024-10-16T14:13:33.825281" level="INFO">${result} = 2.0</msg>
<var>${result}</var>
<arg>${NUMBER_2} / ${NUMBER_1}</arg>
<doc>Evaluates the given expression in Python and returns the result.</doc>
<status status="PASS" start="2024-10-16T14:13:33.825129" elapsed="0.000169"/>
</kw>
<kw name="Should Be Equal As Numbers" owner="BuiltIn">
<msg time="2024-10-16T14:13:33.825471" level="INFO">Argument types are:
&lt;class 'float'&gt;
&lt;class 'str'&gt;</msg>
<arg>${result}</arg>
<arg>2</arg>
<doc>Fails if objects are unequal after converting them to real numbers.</doc>
<status status="PASS" start="2024-10-16T14:13:33.825384" elapsed="0.000120"/>
</kw>
<doc>This test divides 20 by 10.</doc>
<tag>Arithmetic</tag>
<tag>Division</tag>
<status status="PASS" start="2024-10-16T14:13:33.824925" elapsed="0.000678"/>
</test>
<status status="PASS" start="2024-10-16T14:13:33.824104" elapsed="0.001658"/>
</suite>
<suite id="s1-s3" name="Multiply" source="/home/sarathbabu/Jenkins/robot_tests/multiply.robot">
<test id="s1-s3-t1" name="Multiplication Test" line="9">
<kw name="Evaluate" owner="BuiltIn">
<msg time="2024-10-16T14:13:33.827151" level="INFO">${result} = 200</msg>
<var>${result}</var>
<arg>${NUMBER_1} * ${NUMBER_2}</arg>
<doc>Evaluates the given expression in Python and returns the result.</doc>
<status status="PASS" start="2024-10-16T14:13:33.827005" elapsed="0.000163"/>
</kw>
<kw name="Should Be Equal As Numbers" owner="BuiltIn">
<msg time="2024-10-16T14:13:33.827337" level="INFO">Argument types are:
&lt;class 'int'&gt;
&lt;class 'str'&gt;</msg>
<arg>${result}</arg>
<arg>200</arg>
<doc>Fails if objects are unequal after converting them to real numbers.</doc>
<status status="PASS" start="2024-10-16T14:13:33.827249" elapsed="0.000128"/>
</kw>
<doc>This test multiplies 10 by 20.</doc>
<tag>Arithmetic</tag>
<tag>Multiplication</tag>
<status status="PASS" start="2024-10-16T14:13:33.826805" elapsed="0.000658"/>
</test>
<status status="PASS" start="2024-10-16T14:13:33.825986" elapsed="0.001637"/>
</suite>
<suite id="s1-s4" name="Sub" source="/home/sarathbabu/Jenkins/robot_tests/sub.robot">
<test id="s1-s4-t1" name="Subtraction Test" line="9">
<kw name="Evaluate" owner="BuiltIn">
<msg time="2024-10-16T14:13:33.829069" level="INFO">${result} = -10</msg>
<var>${result}</var>
<arg>${NUMBER_1} - ${NUMBER_2}</arg>
<doc>Evaluates the given expression in Python and returns the result.</doc>
<status status="PASS" start="2024-10-16T14:13:33.828920" elapsed="0.000165"/>
</kw>
<kw name="Should Be Equal As Numbers" owner="BuiltIn">
<msg time="2024-10-16T14:13:33.829250" level="INFO">Argument types are:
&lt;class 'int'&gt;
&lt;class 'str'&gt;</msg>
<arg>${result}</arg>
<arg>-10</arg>
<doc>Fails if objects are unequal after converting them to real numbers.</doc>
<status status="PASS" start="2024-10-16T14:13:33.829166" elapsed="0.000117"/>
</kw>
<doc>This test subtracts 20 from 10.</doc>
<tag>Arithmetic</tag>
<tag>Subtraction</tag>
<status status="PASS" start="2024-10-16T14:13:33.828724" elapsed="0.000639"/>
</test>
<status status="PASS" start="2024-10-16T14:13:33.827849" elapsed="0.001665"/>
</suite>
<status status="PASS" start="2024-10-16T14:13:33.808731" elapsed="0.021065"/>
</suite>
<statistics>
<total>
<stat pass="4" fail="0" skip="0">All Tests</stat>
</total>
<tag>
<stat pass="1" fail="0" skip="0">Addition</stat>
<stat pass="4" fail="0" skip="0">Arithmetic</stat>
<stat pass="1" fail="0" skip="0">Division</stat>
<stat pass="1" fail="0" skip="0">Multiplication</stat>
<stat pass="1" fail="0" skip="0">Subtraction</stat>
</tag>
<suite>
<stat pass="4" fail="0" skip="0" id="s1" name="Robot Tests">Robot Tests</stat>
<stat pass="1" fail="0" skip="0" id="s1-s1" name="Add">Robot Tests.Add</stat>
<stat pass="1" fail="0" skip="0" id="s1-s2" name="Division">Robot Tests.Division</stat>
<stat pass="1" fail="0" skip="0" id="s1-s3" name="Multiply">Robot Tests.Multiply</stat>
<stat pass="1" fail="0" skip="0" id="s1-s4" name="Sub">Robot Tests.Sub</stat>
</suite>
</statistics>
<errors>
</errors>
</robot>
